<?xml version="1.0" encoding="UTF-8"?>
<!-- Generated by org.testng.reporters.JUnitReportReporter -->
<testsuite skipped="0" hostname="LAPTOP-4N3NS9MH" name="ApplicationTests.E2ETest" tests="1" failures="0" timestamp="2022-05-29T10:14:24 IST" time="38.364" errors="0">
  <testcase name="verifyTextAboutThisItem" time="38.364" classname="ApplicationTests.E2ETest"/>
</testsuite> <!-- ApplicationTests.E2ETest -->
